# JRE version: OpenJDK Runtime Environment Temurin-21.0.12.1+1 (21.0.12.1+1) (build 21.0.12.1+1-LTS)
# Java VM: OpenJDK 64-Bit Server VM Temurin-21.0.12.1+1 (21.0.12.1+1-LTS, mixed mode, sharing, tiered, compressed oops, compressed class ptrs, parallel gc, windows-amd64)
GC Precious Log:
 CardTable entry size: 512
 CPUs: 12 total, 12 available
 Memory: 5989M
 Large Page Support: Disabled
 NUMA Support: Disabled
 Compressed Oops: Enabled (32-bit)
 Alignments: Space 512K, Generation 512K, Heap 2M
 Heap Min Capacity: 100M
 Heap Initial Capacity: 100M
 Heap Max Capacity: 2G
 Pre-touch: Disabled
 Parallel Workers: 10
Heap:
 PSYoungGen      total 7168K, used 6900K [0x00000000d5580000, 0x00000000d5e00000, 0x0000000100000000)
  eden space 5632K, 100% used [0x00000000d5580000,0x00000000d5b00000,0x00000000d5b00000)
  from space 1536K, 82% used [0x00000000d5b00000,0x00000000d5c3d328,0x00000000d5c80000)
  to   space 1536K, 87% used [0x00000000d5c80000,0x00000000d5dcedc8,0x00000000d5e00000)
 ParOldGen       total 128512K, used 128063K [0x0000000080000000, 0x0000000087d80000, 0x00000000d5580000)
  object space 128512K, 99% used [0x0000000080000000,0x0000000087d0fcd8,0x0000000087d80000)
 Metaspace       used 57396K, committed 58752K, reserved 1114112K
  class space    used 6169K, committed 6720K, reserved 1048576K
GC Heap History (20 events):
Event: 14.783 GC heap after
{Heap after GC invocations=83 (full 2):
 PSYoungGen      total 7168K, used 1154K [0x00000000d5580000, 0x00000000d5e00000, 0x0000000100000000)
  eden space 5632K, 0% used [0x00000000d5580000,0x00000000d5580000,0x00000000d5b00000)
  from space 1536K, 75% used [0x00000000d5b00000,0x00000000d5c20a00,0x00000000d5c80000)
  to   space 1536K, 0% used [0x00000000d5c80000,0x00000000d5c80000,0x00000000d5e00000)
 ParOldGen       total 116736K, used 116430K [0x0000000080000000, 0x0000000087200000, 0x00000000d5580000)
  object space 116736K, 99% used [0x0000000080000000,0x00000000871b3bd0,0x0000000087200000)
 Metaspace       used 56395K, committed 57728K, reserved 1114112K
  class space    used 6073K, committed 6656K, reserved 1048576K
}
Event: 14.804 GC heap before
{Heap before GC invocations=84 (full 2):
 PSYoungGen      total 7168K, used 6786K [0x00000000d5580000, 0x00000000d5e00000, 0x0000000100000000)
  eden space 5632K, 100% used [0x00000000d5580000,0x00000000d5b00000,0x00000000d5b00000)
  from space 1536K, 75% used [0x00000000d5b00000,0x00000000d5c20a00,0x00000000d5c80000)
  to   space 1536K, 0% used [0x00000000d5c80000,0x00000000d5c80000,0x00000000d5e00000)
 ParOldGen       total 116736K, used 116430K [0x0000000080000000, 0x0000000087200000, 0x00000000d5580000)
  object space 116736K, 99% used [0x0000000080000000,0x00000000871b3bd0,0x0000000087200000)
 Metaspace       used 56422K, committed 57792K, reserved 1114112K
  class space    used 6077K, committed 6656K, reserved 1048576K
}
Event: 14.805 GC heap after
{Heap after GC invocations=84 (full 2):
 PSYoungGen      total 7168K, used 1357K [0x00000000d5580000, 0x00000000d5e00000, 0x0000000100000000)
  eden space 5632K, 0% used [0x00000000d5580000,0x00000000d5580000,0x00000000d5b00000)
  from space 1536K, 88% used [0x00000000d5c80000,0x00000000d5dd37d0,0x00000000d5e00000)
  to   space 1536K, 0% used [0x00000000d5b00000,0x00000000d5b00000,0x00000000d5c80000)
 ParOldGen       total 117760K, used 117457K [0x0000000080000000, 0x0000000087300000, 0x00000000d5580000)
  object space 117760K, 99% used [0x0000000080000000,0x00000000872b44b8,0x0000000087300000)
 Metaspace       used 56422K, committed 57792K, reserved 1114112K
  class space    used 6077K, committed 6656K, reserved 1048576K
}
Event: 14.822 GC heap before
{Heap before GC invocations=85 (full 2):
 PSYoungGen      total 7168K, used 6989K [0x00000000d5580000, 0x00000000d5e00000, 0x0000000100000000)
  eden space 5632K, 100% used [0x00000000d5580000,0x00000000d5b00000,0x00000000d5b00000)
  from space 1536K, 88% used [0x00000000d5c80000,0x00000000d5dd37d0,0x00000000d5e00000)
  to   space 1536K, 0% used [0x00000000d5b00000,0x00000000d5b00000,0x00000000d5c80000)
 ParOldGen       total 117760K, used 117457K [0x0000000080000000, 0x0000000087300000, 0x00000000d5580000)
  object space 117760K, 99% used [0x0000000080000000,0x00000000872b44b8,0x0000000087300000)
 Metaspace       used 56483K, committed 57792K, reserved 1114112K
  class space    used 6083K, committed 6656K, reserved 1048576K
}
Event: 14.824 GC heap after
{Heap after GC invocations=85 (full 2):
 PSYoungGen      total 7168K, used 1267K [0x00000000d5580000, 0x00000000d5e00000, 0x0000000100000000)
  eden space 5632K, 0% used [0x00000000d5580000,0x00000000d5580000,0x00000000d5b00000)
  from space 1536K, 82% used [0x00000000d5b00000,0x00000000d5c3cdc8,0x00000000d5c80000)
  to   space 1536K, 0% used [0x00000000d5c80000,0x00000000d5c80000,0x00000000d5e00000)
 ParOldGen       total 118784K, used 118681K [0x0000000080000000, 0x0000000087400000, 0x00000000d5580000)
  object space 118784K, 99% used [0x0000000080000000,0x00000000873e6470,0x0000000087400000)
 Metaspace       used 56483K, committed 57792K, reserved 1114112K
  class space    used 6083K, committed 6656K, reserved 1048576K
}
Event: 14.847 GC heap before
{Heap before GC invocations=86 (full 2):
 PSYoungGen      total 7168K, used 6899K [0x00000000d5580000, 0x00000000d5e00000, 0x0000000100000000)
  eden space 5632K, 100% used [0x00000000d5580000,0x00000000d5b00000,0x00000000d5b00000)
  from space 1536K, 82% used [0x00000000d5b00000,0x00000000d5c3cdc8,0x00000000d5c80000)
  to   space 1536K, 0% used [0x00000000d5c80000,0x00000000d5c80000,0x00000000d5e00000)
 ParOldGen       total 118784K, used 118681K [0x0000000080000000, 0x0000000087400000, 0x00000000d5580000)
  object space 118784K, 99% used [0x0000000080000000,0x00000000873e6470,0x0000000087400000)
 Metaspace       used 56567K, committed 57920K, reserved 1114112K
  class space    used 6091K, committed 6656K, reserved 1048576K
}
Event: 14.849 GC heap after
{Heap after GC invocations=86 (full 2):
 PSYoungGen      total 7168K, used 1314K [0x00000000d5580000, 0x00000000d5e00000, 0x0000000100000000)
  eden space 5632K, 0% used [0x00000000d5580000,0x00000000d5580000,0x00000000d5b00000)
  from space 1536K, 85% used [0x00000000d5c80000,0x00000000d5dc8b18,0x00000000d5e00000)
  to   space 1536K, 0% used [0x00000000d5b00000,0x00000000d5b00000,0x00000000d5c80000)
 ParOldGen       total 120320K, used 119826K [0x0000000080000000, 0x0000000087580000, 0x00000000d5580000)
  object space 120320K, 99% used [0x0000000080000000,0x0000000087504818,0x0000000087580000)
 Metaspace       used 56567K, committed 57920K, reserved 1114112K
  class space    used 6091K, committed 6656K, reserved 1048576K
}
Event: 14.874 GC heap before
{Heap before GC invocations=87 (full 2):
 PSYoungGen      total 7168K, used 6946K [0x00000000d5580000, 0x00000000d5e00000, 0x0000000100000000)
  eden space 5632K, 100% used [0x00000000d5580000,0x00000000d5b00000,0x00000000d5b00000)
  from space 1536K, 85% used [0x00000000d5c80000,0x00000000d5dc8b18,0x00000000d5e00000)
  to   space 1536K, 0% used [0x00000000d5b00000,0x00000000d5b00000,0x00000000d5c80000)
 ParOldGen       total 120320K, used 119826K [0x0000000080000000, 0x0000000087580000, 0x00000000d5580000)
  object space 120320K, 99% used [0x0000000080000000,0x0000000087504818,0x0000000087580000)
 Metaspace       used 56638K, committed 57984K, reserved 1114112K
  class space    used 6095K, committed 6656K, reserved 1048576K
}
Event: 14.876 GC heap after
{Heap after GC invocations=87 (full 2):
 PSYoungGen      total 7168K, used 1470K [0x00000000d5580000, 0x00000000d5e00000, 0x0000000100000000)
  eden space 5632K, 0% used [0x00000000d5580000,0x00000000d5580000,0x00000000d5b00000)
  from space 1536K, 95% used [0x00000000d5b00000,0x00000000d5c6fa08,0x00000000d5c80000)
  to   space 1536K, 0% used [0x00000000d5c80000,0x00000000d5c80000,0x00000000d5e00000)
 ParOldGen       total 121344K, used 121009K [0x0000000080000000, 0x0000000087680000, 0x00000000d5580000)
  object space 121344K, 99% used [0x0000000080000000,0x000000008762c5c8,0x0000000087680000)
 Metaspace       used 56638K, committed 57984K, reserved 1114112K
  class space    used 6095K, committed 6656K, reserved 1048576K
}
Event: 14.897 GC heap before
{Heap before GC invocations=88 (full 2):
 PSYoungGen      total 7168K, used 7102K [0x00000000d5580000, 0x00000000d5e00000, 0x0000000100000000)
  eden space 5632K, 100% used [0x00000000d5580000,0x00000000d5b00000,0x00000000d5b00000)
  from space 1536K, 95% used [0x00000000d5b00000,0x00000000d5c6fa08,0x00000000d5c80000)
  to   space 1536K, 0% used [0x00000000d5c80000,0x00000000d5c80000,0x00000000d5e00000)
 ParOldGen       total 121344K, used 121009K [0x0000000080000000, 0x0000000087680000, 0x00000000d5580000)
  object space 121344K, 99% used [0x0000000080000000,0x000000008762c5c8,0x0000000087680000)
 Metaspace       used 56839K, committed 58176K, reserved 1114112K
  class space    used 6106K, committed 6656K, reserved 1048576K
}
Event: 14.900 GC heap after
{Heap after GC invocations=88 (full 2):
 PSYoungGen      total 7168K, used 1335K [0x00000000d5580000, 0x00000000d5e00000, 0x0000000100000000)
  eden space 5632K, 0% used [0x00000000d5580000,0x00000000d5580000,0x00000000d5b00000)
  from space 1536K, 86% used [0x00000000d5c80000,0x00000000d5dcdcd0,0x00000000d5e00000)
  to   space 1536K, 0% used [0x00000000d5b00000,0x00000000d5b00000,0x00000000d5c80000)
 ParOldGen       total 122368K, used 122325K [0x0000000080000000, 0x0000000087780000, 0x00000000d5580000)
  object space 122368K, 99% used [0x0000000080000000,0x0000000087775610,0x0000000087780000)
 Metaspace       used 56839K, committed 58176K, reserved 1114112K
  class space    used 6106K, committed 6656K, reserved 1048576K
}
Event: 14.928 GC heap before
{Heap before GC invocations=89 (full 2):
 PSYoungGen      total 7168K, used 6962K [0x00000000d5580000, 0x00000000d5e00000, 0x0000000100000000)
  eden space 5632K, 99% used [0x00000000d5580000,0x00000000d5afed68,0x00000000d5b00000)
  from space 1536K, 86% used [0x00000000d5c80000,0x00000000d5dcdcd0,0x00000000d5e00000)
  to   space 1536K, 0% used [0x00000000d5b00000,0x00000000d5b00000,0x00000000d5c80000)
 ParOldGen       total 122368K, used 122325K [0x0000000080000000, 0x0000000087780000, 0x00000000d5580000)
  object space 122368K, 99% used [0x0000000080000000,0x0000000087775610,0x0000000087780000)
 Metaspace       used 56912K, committed 58240K, reserved 1114112K
  class space    used 6113K, committed 6656K, reserved 1048576K
}
Event: 14.930 GC heap after
{Heap after GC invocations=89 (full 2):
 PSYoungGen      total 7168K, used 1385K [0x00000000d5580000, 0x00000000d5e00000, 0x0000000100000000)
  eden space 5632K, 0% used [0x00000000d5580000,0x00000000d5580000,0x00000000d5b00000)
  from space 1536K, 90% used [0x00000000d5b00000,0x00000000d5c5a438,0x00000000d5c80000)
  to   space 1536K, 0% used [0x00000000d5c80000,0x00000000d5c80000,0x00000000d5e00000)
 ParOldGen       total 123904K, used 123464K [0x0000000080000000, 0x0000000087900000, 0x00000000d5580000)
  object space 123904K, 99% used [0x0000000080000000,0x00000000878921a0,0x0000000087900000)
 Metaspace       used 56912K, committed 58240K, reserved 1114112K
  class space    used 6113K, committed 6656K, reserved 1048576K
}
Event: 14.986 GC heap before
{Heap before GC invocations=90 (full 2):
 PSYoungGen      total 7168K, used 7017K [0x00000000d5580000, 0x00000000d5e00000, 0x0000000100000000)
  eden space 5632K, 100% used [0x00000000d5580000,0x00000000d5b00000,0x00000000d5b00000)
  from space 1536K, 90% used [0x00000000d5b00000,0x00000000d5c5a438,0x00000000d5c80000)
  to   space 1536K, 0% used [0x00000000d5c80000,0x00000000d5c80000,0x00000000d5e00000)
 ParOldGen       total 123904K, used 123464K [0x0000000080000000, 0x0000000087900000, 0x00000000d5580000)
  object space 123904K, 99% used [0x0000000080000000,0x00000000878921a0,0x0000000087900000)
 Metaspace       used 57121K, committed 58496K, reserved 1114112K
  class space    used 6137K, committed 6720K, reserved 1048576K
}
Event: 14.991 GC heap after
{Heap after GC invocations=90 (full 2):
 PSYoungGen      total 7168K, used 1071K [0x00000000d5580000, 0x00000000d5e00000, 0x0000000100000000)
  eden space 5632K, 0% used [0x00000000d5580000,0x00000000d5580000,0x00000000d5b00000)
  from space 1536K, 69% used [0x00000000d5c80000,0x00000000d5d8be40,0x00000000d5e00000)
  to   space 1536K, 0% used [0x00000000d5b00000,0x00000000d5b00000,0x00000000d5c80000)
 ParOldGen       total 126464K, used 126431K [0x0000000080000000, 0x0000000087b80000, 0x00000000d5580000)
  object space 126464K, 99% used [0x0000000080000000,0x0000000087b77cf8,0x0000000087b80000)
 Metaspace       used 57121K, committed 58496K, reserved 1114112K
  class space    used 6137K, committed 6720K, reserved 1048576K
}
Event: 15.018 GC heap before
{Heap before GC invocations=91 (full 2):
 PSYoungGen      total 7168K, used 6703K [0x00000000d5580000, 0x00000000d5e00000, 0x0000000100000000)
  eden space 5632K, 100% used [0x00000000d5580000,0x00000000d5b00000,0x00000000d5b00000)
  from space 1536K, 69% used [0x00000000d5c80000,0x00000000d5d8be40,0x00000000d5e00000)
  to   space 1536K, 0% used [0x00000000d5b00000,0x00000000d5b00000,0x00000000d5c80000)
 ParOldGen       total 126464K, used 126431K [0x0000000080000000, 0x0000000087b80000, 0x00000000d5580000)
  object space 126464K, 99% used [0x0000000080000000,0x0000000087b77cf8,0x0000000087b80000)
 Metaspace       used 57295K, committed 58624K, reserved 1114112K
  class space    used 6154K, committed 6720K, reserved 1048576K
}
Event: 15.020 GC heap after
{Heap after GC invocations=91 (full 2):
 PSYoungGen      total 7168K, used 1268K [0x00000000d5580000, 0x00000000d5e00000, 0x0000000100000000)
  eden space 5632K, 0% used [0x00000000d5580000,0x00000000d5580000,0x00000000d5b00000)
  from space 1536K, 82% used [0x00000000d5b00000,0x00000000d5c3d328,0x00000000d5c80000)
  to   space 1536K, 0% used [0x00000000d5c80000,0x00000000d5c80000,0x00000000d5e00000)
 ParOldGen       total 127488K, used 127340K [0x0000000080000000, 0x0000000087c80000, 0x00000000d5580000)
  object space 127488K, 99% used [0x0000000080000000,0x0000000087c5b040,0x0000000087c80000)
 Metaspace       used 57295K, committed 58624K, reserved 1114112K
  class space    used 6154K, committed 6720K, reserved 1048576K
}
Event: 15.043 GC heap before
{Heap before GC invocations=92 (full 2):
 PSYoungGen      total 7168K, used 6900K [0x00000000d5580000, 0x00000000d5e00000, 0x0000000100000000)
  eden space 5632K, 100% used [0x00000000d5580000,0x00000000d5b00000,0x00000000d5b00000)
  from space 1536K, 82% used [0x00000000d5b00000,0x00000000d5c3d328,0x00000000d5c80000)
  to   space 1536K, 0% used [0x00000000d5c80000,0x00000000d5c80000,0x00000000d5e00000)
 ParOldGen       total 127488K, used 127340K [0x0000000080000000, 0x0000000087c80000, 0x00000000d5580000)
  object space 127488K, 99% used [0x0000000080000000,0x0000000087c5b040,0x0000000087c80000)
 Metaspace       used 57396K, committed 58752K, reserved 1114112K
  class space    used 6169K, committed 6720K, reserved 1048576K
}
Event: 15.062 GC heap after
{Heap after GC invocations=92 (full 2):
 PSYoungGen      total 7168K, used 6900K [0x00000000d5580000, 0x00000000d5e00000, 0x0000000100000000)
  eden space 5632K, 100% used [0x00000000d5580000,0x00000000d5b00000,0x00000000d5b00000)
  from space 1536K, 82% used [0x00000000d5b00000,0x00000000d5c3d328,0x00000000d5c80000)
  to   space 1536K, 87% used [0x00000000d5c80000,0x00000000d5dcedc8,0x00000000d5e00000)
 ParOldGen       total 128512K, used 128063K [0x0000000080000000, 0x0000000087d80000, 0x00000000d5580000)
  object space 128512K, 99% used [0x0000000080000000,0x0000000087d0fcd8,0x0000000087d80000)
 Metaspace       used 57396K, committed 58752K, reserved 1114112K
  class space    used 6169K, committed 6720K, reserved 1048576K
}
Event: 15.062 GC heap before
{Heap before GC invocations=93 (full 3):
 PSYoungGen      total 7168K, used 6900K [0x00000000d5580000, 0x00000000d5e00000, 0x0000000100000000)
  eden space 5632K, 100% used [0x00000000d5580000,0x00000000d5b00000,0x00000000d5b00000)
  from space 1536K, 82% used [0x00000000d5b00000,0x00000000d5c3d328,0x00000000d5c80000)
  to   space 1536K, 87% used [0x00000000d5c80000,0x00000000d5dcedc8,0x00000000d5e00000)
 ParOldGen       total 128512K, used 128063K [0x0000000080000000, 0x0000000087d80000, 0x00000000d5580000)
  object space 128512K, 99% used [0x0000000080000000,0x0000000087d0fcd8,0x0000000087d80000)
 Metaspace       used 57396K, committed 58752K, reserved 1114112K
  class space    used 6169K, committed 6720K, reserved 1048576K
}

